<?xml version="1.0" encoding="UTF-8"?>
<testng-results skipped="0" failed="1" ignored="0" total="3" passed="2">
  <reporter-output>
  </reporter-output>
  <suite name="Default suite" duration-ms="66673" started-at="2019-10-18T18:47:28Z" finished-at="2019-10-18T18:48:34Z">
    <groups>
    </groups>
    <test name="Default test" duration-ms="66673" started-at="2019-10-18T18:47:28Z" finished-at="2019-10-18T18:48:34Z">
      <class name="Test.HomePageTest">
        <test-method status="PASS" signature="launchApp()[pri:0, instance:Test.HomePageTest@5e5792a0]" name="launchApp" is-config="true" duration-ms="26539" started-at="2019-10-19T00:17:28Z" finished-at="2019-10-19T00:17:54Z">
          <reporter-output>
          </reporter-output>
        </test-method> <!-- launchApp -->
        <test-method status="FAIL" signature="validateTitle()[pri:0, instance:Test.HomePageTest@5e5792a0]" name="validateTitle" duration-ms="15" started-at="2019-10-19T00:17:54Z" finished-at="2019-10-19T00:17:54Z">
          <exception class="org.junit.ComparisonFailure">
            <message>
              <![CDATA[expected:<[Register]> but was:<[Index]>]]>
            </message>
            <full-stacktrace>
              <![CDATA[org.junit.ComparisonFailure: expected:<[Register]> but was:<[Index]>
	at org.junit.Assert.assertEquals(Assert.java:115)
	at org.junit.Assert.assertEquals(Assert.java:144)
	at Test.HomePageTest.validateTitle(HomePageTest.java:42)
	at sun.reflect.NativeMethodAccessorImpl.invoke0(Native Method)
	at sun.reflect.NativeMethodAccessorImpl.invoke(NativeMethodAccessorImpl.java:62)
	at sun.reflect.DelegatingMethodAccessorImpl.invoke(DelegatingMethodAccessorImpl.java:43)
	at java.lang.reflect.Method.invoke(Method.java:498)
	at org.testng.internal.MethodInvocationHelper.invokeMethod(MethodInvocationHelper.java:108)
	at org.testng.internal.Invoker.invokeMethod(Invoker.java:661)
	at org.testng.internal.Invoker.invokeTestMethod(Invoker.java:869)
	at org.testng.internal.Invoker.invokeTestMethods(Invoker.java:1193)
	at org.testng.internal.TestMethodWorker.invokeTestMethods(TestMethodWorker.java:126)
	at org.testng.internal.TestMethodWorker.run(TestMethodWorker.java:109)
	at org.testng.TestRunner.privateRun(TestRunner.java:744)
	at org.testng.TestRunner.run(TestRunner.java:602)
	at org.testng.SuiteRunner.runTest(SuiteRunner.java:380)
	at org.testng.SuiteRunner.runSequentially(SuiteRunner.java:375)
	at org.testng.SuiteRunner.privateRun(SuiteRunner.java:340)
	at org.testng.SuiteRunner.run(SuiteRunner.java:289)
	at org.testng.SuiteRunnerWorker.runSuite(SuiteRunnerWorker.java:52)
	at org.testng.SuiteRunnerWorker.run(SuiteRunnerWorker.java:86)
	at org.testng.TestNG.runSuitesSequentially(TestNG.java:1301)
	at org.testng.TestNG.runSuitesLocally(TestNG.java:1226)
	at org.testng.TestNG.runSuites(TestNG.java:1144)
	at org.testng.TestNG.run(TestNG.java:1115)
	at org.testng.remote.AbstractRemoteTestNG.run(AbstractRemoteTestNG.java:114)
	at org.testng.remote.RemoteTestNG.initAndRun(RemoteTestNG.java:251)
	at org.testng.remote.RemoteTestNG.main(RemoteTestNG.java:77)
]]>
            </full-stacktrace>
          </exception> <!-- org.junit.ComparisonFailure -->
          <reporter-output>
          </reporter-output>
        </test-method> <!-- validateTitle -->
        <test-method status="PASS" signature="tearDown()[pri:0, instance:Test.HomePageTest@5e5792a0]" name="tearDown" is-config="true" duration-ms="60" started-at="2019-10-19T00:17:54Z" finished-at="2019-10-19T00:17:54Z">
          <reporter-output>
          </reporter-output>
        </test-method> <!-- tearDown -->
        <test-method status="PASS" signature="launchApp()[pri:0, instance:Test.HomePageTest@5e5792a0]" name="launchApp" is-config="true" duration-ms="22483" started-at="2019-10-19T00:17:54Z" finished-at="2019-10-19T00:18:17Z">
          <reporter-output>
          </reporter-output>
        </test-method> <!-- launchApp -->
        <test-method status="PASS" signature="verifyHome()[pri:0, instance:Test.HomePageTest@5e5792a0]" name="verifyHome" duration-ms="64" started-at="2019-10-19T00:18:17Z" finished-at="2019-10-19T00:18:17Z">
          <reporter-output>
          </reporter-output>
        </test-method> <!-- verifyHome -->
        <test-method status="PASS" signature="tearDown()[pri:0, instance:Test.HomePageTest@5e5792a0]" name="tearDown" is-config="true" duration-ms="58" started-at="2019-10-19T00:18:17Z" finished-at="2019-10-19T00:18:17Z">
          <reporter-output>
          </reporter-output>
        </test-method> <!-- tearDown -->
        <test-method status="PASS" signature="launchApp()[pri:0, instance:Test.HomePageTest@5e5792a0]" name="launchApp" is-config="true" duration-ms="8336" started-at="2019-10-19T00:18:17Z" finished-at="2019-10-19T00:18:25Z">
          <reporter-output>
          </reporter-output>
        </test-method> <!-- launchApp -->
        <test-method status="PASS" signature="verifyUserisOnMain()[pri:0, instance:Test.HomePageTest@5e5792a0]" name="verifyUserisOnMain" duration-ms="6764" started-at="2019-10-19T00:18:25Z" finished-at="2019-10-19T00:18:32Z">
          <reporter-output>
          </reporter-output>
        </test-method> <!-- verifyUserisOnMain -->
        <test-method status="PASS" signature="tearDown()[pri:0, instance:Test.HomePageTest@5e5792a0]" name="tearDown" is-config="true" duration-ms="2325" started-at="2019-10-19T00:18:32Z" finished-at="2019-10-19T00:18:34Z">
          <reporter-output>
          </reporter-output>
        </test-method> <!-- tearDown -->
      </class> <!-- Test.HomePageTest -->
    </test> <!-- Default test -->
  </suite> <!-- Default suite -->
</testng-results>
