<?xml version="1.0" encoding="UTF-8"?>
<testng-results skipped="0" failed="0" ignored="0" total="2" passed="2">
  <reporter-output>
  </reporter-output>
  <suite name="Default suite" duration-ms="66577" started-at="2019-10-19T19:23:59Z" finished-at="2019-10-19T19:25:05Z">
    <groups>
    </groups>
    <test name="Default test" duration-ms="66577" started-at="2019-10-19T19:23:59Z" finished-at="2019-10-19T19:25:05Z">
      <class name="Test.MainPageTest">
        <test-method status="PASS" signature="SetUp()[pri:0, instance:Test.MainPageTest@5e5792a0]" name="SetUp" is-config="true" duration-ms="22377" started-at="2019-10-20T00:53:59Z" finished-at="2019-10-20T00:54:21Z">
          <reporter-output>
          </reporter-output>
        </test-method> <!-- SetUp -->
        <test-method status="PASS" signature="verifyAddDetailsInRegisterPage()[pri:0, instance:Test.MainPageTest@5e5792a0]" name="verifyAddDetailsInRegisterPage" duration-ms="18629" started-at="2019-10-20T00:54:21Z" finished-at="2019-10-20T00:54:40Z">
          <reporter-output>
          </reporter-output>
        </test-method> <!-- verifyAddDetailsInRegisterPage -->
        <test-method status="PASS" signature="TearDown()[pri:0, instance:Test.MainPageTest@5e5792a0]" name="TearDown" is-config="true" duration-ms="2114" started-at="2019-10-20T00:54:40Z" finished-at="2019-10-20T00:54:42Z">
          <reporter-output>
          </reporter-output>
        </test-method> <!-- TearDown -->
        <test-method status="PASS" signature="SetUp()[pri:0, instance:Test.MainPageTest@5e5792a0]" name="SetUp" is-config="true" duration-ms="20950" started-at="2019-10-20T00:54:42Z" finished-at="2019-10-20T00:55:03Z">
          <reporter-output>
          </reporter-output>
        </test-method> <!-- SetUp -->
        <test-method status="PASS" signature="verifyMainPageOptions()[pri:0, instance:Test.MainPageTest@5e5792a0]" name="verifyMainPageOptions" duration-ms="409" started-at="2019-10-20T00:55:03Z" finished-at="2019-10-20T00:55:03Z">
          <reporter-output>
          </reporter-output>
        </test-method> <!-- verifyMainPageOptions -->
        <test-method status="PASS" signature="TearDown()[pri:0, instance:Test.MainPageTest@5e5792a0]" name="TearDown" is-config="true" duration-ms="2075" started-at="2019-10-20T00:55:03Z" finished-at="2019-10-20T00:55:05Z">
          <reporter-output>
          </reporter-output>
        </test-method> <!-- TearDown -->
      </class> <!-- Test.MainPageTest -->
    </test> <!-- Default test -->
  </suite> <!-- Default suite -->
</testng-results>
